Arguments: 
  C:\Program Files\nodejs\node.exe C:\Users\mj994\AppData\Roaming\npm\node_modules\yarn\bin\yarn.js install

PATH: 
  C:\Python311\Scripts\;C:\Python311\;C:\Program Files\Eclipse Adoptium\jdk-11.0.17.8-hotspot\bin;C:\Users\mj994\AppData\Local\Programs\Python\Python310\Scripts\;C:\Users\mj994\AppData\Local\Programs\Python\Python310\;C:\Program Files\Microsoft\jdk-17.0.2.8-hotspot\bin;C:\Program Files\Common Files\Oracle\Java\javapath;C:\WINDOWS\system32;C:\WINDOWS;C:\WINDOWS\System32\Wbem;C:\WINDOWS\System32\WindowsPowerShell\v1.0\;C:\WINDOWS\System32\OpenSSH\;C:\ProgramData\chocolatey\bin;C:\Program Files\Java\jdk1.8.0_202\bin;C:\Users\mj994\apache-maven-3.8.6-bin\apache-maven-3.8.6\bin;C:\Program Files\Git\cmd;%NVM_HOME%;%NVM_SYMLINK%;C:\Program Files\nodejs\;C:\Program Files\MySQL\MySQL Shell 8.0\bin\;C:\Users\mj994\AppData\Local\Microsoft\WindowsApps;C:\Users\mj994\AppData\Local\Android\Sdk\platform-tools;C:\Users\mj994\AppData\Local\Programs\Microsoft VS Code\bin;C:\Users\mj994\AppData\Local\Microsoft\WindowsApps;D:\flutter_source\flutter\bin;C:\Users\mj994\jdk-18_windows-x64_bin.exe;C:\Users\mj994\AppData\Roaming\nvm;C:\Users\mj994\AppData\Roaming\npm

Yarn version: 
  1.22.17

Node version: 
  16.16.0

Platform: 
  win32 x64

Trace: 
  Error: EBUSY: resource busy or locked, unlink 'D:\Downloads\MITECONS\final-year-project\node_modules\electron\dist\v8_context_snapshot.bin'

npm manifest: 
  {
    "name": "final-year-project",
    "version": "0.1.0",
    "private": true,
    "dependencies": {
      "@electron/remote": "^2.0.9",
      "@testing-library/jest-dom": "^5.16.5",
      "@testing-library/react": "^13.4.0",
      "@testing-library/user-event": "^13.5.0",
      "concurrently": "^7.6.0",
      "cross-env": "^7.0.3",
      "electron": "^22.0.0",
      "electron-is-dev": "^2.0.0",
      "react": "^18.2.0",
      "react-dom": "^18.2.0",
      "react-scripts": "5.0.1",
      "wait-on": "^6.0.1",
      "web-vitals": "^2.1.4"
    },
    "main": "public/main.js",
    "homepage": "./",
    "scripts": {
      "start": "react-scripts start",
      "build": "react-scripts build",
      "test": "react-scripts test",
      "eject": "react-scripts eject",
      "electron:serve": "concurrently -k \"cross-env BROWSER=none yarn start\" \"yarn electron:start\"",
      "electron:build": "",
      "electron:start": "wait-on tcp:3000 && electron ."
    },
    "eslintConfig": {
      "extends": [
        "react-app",
        "react-app/jest"
      ]
    },
    "browserslist": {
      "production": [
        ">0.2%",
        "not dead",
        "not op_mini all"
      ],
      "development": [
        "last 1 chrome version",
        "last 1 firefox version",
        "last 1 safari version"
      ]
    }
  }

yarn manifest: 
  No manifest

Lockfile: 
  No lockfile
